# JRE version: OpenJDK Runtime Environment (19.0.2+7) (build 19.0.2+7-44)
# Java VM: OpenJDK 64-Bit Server VM (19.0.2+7-44, mixed mode, sharing, tiered, compressed oops, compressed class ptrs, g1 gc, windows-amd64)
GC Precious Log:
 CardTable entry size: 512
 Card Set container configuration: InlinePtr #cards 4 size 8 Array Of Cards #cards 16 size 48 Howl #buckets 8 coarsen threshold 3686 Howl Bitmap #cards 512 size 80 coarsen threshold 460 Card regions per heap region 1 cards per card region 4096
 CPUs: 16 total, 16 available
 Memory: 15628M
 Large Page Support: Disabled
 NUMA Support: Disabled
 Compressed Oops: Enabled (Zero based)
 Heap Region Size: 2M
 Heap Min Capacity: 8M
 Heap Initial Capacity: 246M
 Heap Max Capacity: 3908M
 Pre-touch: Disabled
 Parallel Workers: 13
 Concurrent Workers: 3
 Concurrent Refinement Workers: 13
 Periodic GC: Disabled
Heap:
 garbage-first heap   total 755712K, used 440320K [0x000000070bc00000, 0x0000000800000000)
  region size 2048K, 7 young (14336K), 7 survivors (14336K)
 Metaspace       used 744K, committed 896K, reserved 1114112K
  class space    used 56K, committed 128K, reserved 1048576K
GC Heap History (17 events):
Event: 0.075 GC heap before
{Heap before GC invocations=0 (full 0):
 garbage-first heap   total 251904K, used 22528K [0x000000070bc00000, 0x0000000800000000)
  region size 2048K, 11 young (22528K), 0 survivors (0K)
 Metaspace       used 741K, committed 896K, reserved 1114112K
  class space    used 56K, committed 128K, reserved 1048576K
}
Event: 0.099 GC heap after
{Heap after GC invocations=1 (full 0):
 garbage-first heap   total 251904K, used 19784K [0x000000070bc00000, 0x0000000800000000)
  region size 2048K, 2 young (4096K), 2 survivors (4096K)
 Metaspace       used 741K, committed 896K, reserved 1114112K
  class space    used 56K, committed 128K, reserved 1048576K
}
Event: 0.101 GC heap before
{Heap before GC invocations=1 (full 0):
 garbage-first heap   total 251904K, used 32072K [0x000000070bc00000, 0x0000000800000000)
  region size 2048K, 8 young (16384K), 2 survivors (4096K)
 Metaspace       used 744K, committed 896K, reserved 1114112K
  class space    used 56K, committed 128K, reserved 1048576K
}
Event: 0.116 GC heap after
{Heap after GC invocations=2 (full 0):
 garbage-first heap   total 251904K, used 33394K [0x000000070bc00000, 0x0000000800000000)
  region size 2048K, 1 young (2048K), 1 survivors (2048K)
 Metaspace       used 744K, committed 896K, reserved 1114112K
  class space    used 56K, committed 128K, reserved 1048576K
}
Event: 0.119 GC heap before
{Heap before GC invocations=2 (full 0):
 garbage-first heap   total 251904K, used 57970K [0x000000070bc00000, 0x0000000800000000)
  region size 2048K, 13 young (26624K), 1 survivors (2048K)
 Metaspace       used 744K, committed 896K, reserved 1114112K
  class space    used 56K, committed 128K, reserved 1048576K
}
Event: 0.149 GC heap after
{Heap after GC invocations=3 (full 0):
 garbage-first heap   total 251904K, used 59085K [0x000000070bc00000, 0x0000000800000000)
  region size 2048K, 2 young (4096K), 2 survivors (4096K)
 Metaspace       used 744K, committed 896K, reserved 1114112K
  class space    used 56K, committed 128K, reserved 1048576K
}
Event: 0.152 GC heap before
{Heap before GC invocations=3 (full 0):
 garbage-first heap   total 251904K, used 87757K [0x000000070bc00000, 0x0000000800000000)
  region size 2048K, 16 young (32768K), 2 survivors (4096K)
 Metaspace       used 744K, committed 896K, reserved 1114112K
  class space    used 56K, committed 128K, reserved 1048576K
}
Event: 0.188 GC heap after
{Heap after GC invocations=4 (full 0):
 garbage-first heap   total 251904K, used 89690K [0x000000070bc00000, 0x0000000800000000)
  region size 2048K, 2 young (4096K), 2 survivors (4096K)
 Metaspace       used 744K, committed 896K, reserved 1114112K
  class space    used 56K, committed 128K, reserved 1048576K
}
Event: 0.193 GC heap before
{Heap before GC invocations=4 (full 0):
 garbage-first heap   total 251904K, used 128602K [0x000000070bc00000, 0x0000000800000000)
  region size 2048K, 21 young (43008K), 2 survivors (4096K)
 Metaspace       used 744K, committed 896K, reserved 1114112K
  class space    used 56K, committed 128K, reserved 1048576K
}
Event: 0.245 GC heap after
{Heap after GC invocations=5 (full 0):
 garbage-first heap   total 755712K, used 131072K [0x000000070bc00000, 0x0000000800000000)
  region size 2048K, 3 young (6144K), 3 survivors (6144K)
 Metaspace       used 744K, committed 896K, reserved 1114112K
  class space    used 56K, committed 128K, reserved 1048576K
}
Event: 0.266 GC heap before
{Heap before GC invocations=5 (full 0):
 garbage-first heap   total 755712K, used 182272K [0x000000070bc00000, 0x0000000800000000)
  region size 2048K, 28 young (57344K), 3 survivors (6144K)
 Metaspace       used 744K, committed 896K, reserved 1114112K
  class space    used 56K, committed 128K, reserved 1048576K
}
Event: 0.331 GC heap after
{Heap after GC invocations=6 (full 0):
 garbage-first heap   total 755712K, used 184320K [0x000000070bc00000, 0x0000000800000000)
  region size 2048K, 4 young (8192K), 4 survivors (8192K)
 Metaspace       used 744K, committed 896K, reserved 1114112K
  class space    used 56K, committed 128K, reserved 1048576K
}
Event: 0.340 GC heap before
{Heap before GC invocations=6 (full 0):
 garbage-first heap   total 755712K, used 247808K [0x000000070bc00000, 0x0000000800000000)
  region size 2048K, 35 young (71680K), 4 survivors (8192K)
 Metaspace       used 744K, committed 896K, reserved 1114112K
  class space    used 56K, committed 128K, reserved 1048576K
}
Event: 0.412 GC heap after
{Heap after GC invocations=7 (full 0):
 garbage-first heap   total 755712K, used 250554K [0x000000070bc00000, 0x0000000800000000)
  region size 2048K, 5 young (10240K), 5 survivors (10240K)
 Metaspace       used 744K, committed 896K, reserved 1114112K
  class space    used 56K, committed 128K, reserved 1048576K
}
Event: 0.422 GC heap before
{Heap before GC invocations=7 (full 0):
 garbage-first heap   total 755712K, used 330426K [0x000000070bc00000, 0x0000000800000000)
  region size 2048K, 44 young (90112K), 5 survivors (10240K)
 Metaspace       used 744K, committed 896K, reserved 1114112K
  class space    used 56K, committed 128K, reserved 1048576K
}
Event: 0.518 GC heap after
{Heap after GC invocations=8 (full 0):
 garbage-first heap   total 755712K, used 333545K [0x000000070bc00000, 0x0000000800000000)
  region size 2048K, 6 young (12288K), 6 survivors (12288K)
 Metaspace       used 744K, committed 896K, reserved 1114112K
  class space    used 56K, committed 128K, reserved 1048576K
}
Event: 0.531 GC heap before
{Heap before GC invocations=8 (full 0):
 garbage-first heap   total 755712K, used 435945K [0x000000070bc00000, 0x0000000800000000)
  region size 2048K, 56 young (114688K), 6 survivors (12288K)
 Metaspace       used 744K, committed 896K, reserved 1114112K
  class space    used 56K, committed 128K, reserved 1048576K
}

